00:00:00 - SDL Info (0): Compiled with SDL 2.29.0
00:00:00 - SDL Info (0): Running with SDL 2.29.0
00:00:00 - Qt Info: No translation available for "en_US"
00:00:00 - Qt Info: No existing credentials found
00:00:00 - Qt Info: Wrote new identity credentials to settings
00:00:00 - Qt Warning: DirectWrite: CreateFontFaceFromHDC() failed (Indicates an error in an input file such as a font file.) for QFontDef(Family="MS Shell Dlg 2", pointsize=7.8, pixelsize=10, styleHint=5, weight=50, stretch=100, hintingPreference=0) LOGFONT("Roboto", lfWidth=0, lfHeight=-10) dpi=120
00:00:00 - Qt Warning: DirectWrite: CreateFontFaceFromHDC() failed (Indicates an error in an input file such as a font file.) for QFontDef(Family="MS Shell Dlg 2", pointsize=7.8, pixelsize=10, styleHint=5, weight=50, stretch=100, hintingPreference=0) LOGFONT("Noto", lfWidth=0, lfHeight=-10) dpi=120
00:00:01 - Qt Warning: qrc:/gui/main.qml:12:1: QML ApplicationWindow: ToolTip must be attached to an Item
00:00:01 - Qt Info: Found "gamecontrollerdb.txt" at "C:/Users/xFlow-Laptop/xFlow-moonlight-qt/build/deploy-x64-release/gamecontrollerdb.txt"
00:00:01 - SDL Info (0): Loaded 490 new gamepad mappings
00:00:01 - SDL Info (0): V-sync disabled
00:00:01 - SDL Info (0): Detected GPU 0: Intel(R) HD Graphics 620 (8086:5916)
00:00:01 - Qt Info: Found "d3d11_vertex.fxc" at ":/data/d3d11_vertex.fxc"
00:00:01 - Qt Info: Found "d3d11_overlay_pixel.fxc" at ":/data/d3d11_overlay_pixel.fxc"
00:00:01 - Qt Info: Found "d3d11_genyuv_pixel.fxc" at ":/data/d3d11_genyuv_pixel.fxc"
00:00:01 - Qt Info: Found "d3d11_bt601lim_pixel.fxc" at ":/data/d3d11_bt601lim_pixel.fxc"
00:00:01 - Qt Info: Found "d3d11_bt2020lim_pixel.fxc" at ":/data/d3d11_bt2020lim_pixel.fxc"
00:00:01 - SDL Info (0): Using D3D11VA accelerated renderer
00:00:01 - FFmpeg: [hevc @ 000001B0F4E9D340] nal_unit_type: 32(VPS), nuh_layer_id: 0, temporal_id: 0
00:00:01 - FFmpeg: [hevc @ 000001B0F4E9D340] nal_unit_type: 33(SPS), nuh_layer_id: 0, temporal_id: 0
00:00:01 - FFmpeg: [hevc @ 000001B0F4E9D340] nal_unit_type: 34(PPS), nuh_layer_id: 0, temporal_id: 0
00:00:01 - FFmpeg: [hevc @ 000001B0F4E9D340] nal_unit_type: 21(CRA_NUT), nuh_layer_id: 0, temporal_id: 0
00:00:01 - FFmpeg: [hevc @ 000001B0F4E9D340] nal_unit_type: 21(CRA_NUT), nuh_layer_id: 0, temporal_id: 0
00:00:01 - FFmpeg: [hevc @ 000001B0F4E9D340] nal_unit_type: 21(CRA_NUT), nuh_layer_id: 0, temporal_id: 0
00:00:01 - FFmpeg: [hevc @ 000001B0F4E9D340] nal_unit_type: 21(CRA_NUT), nuh_layer_id: 0, temporal_id: 0
00:00:01 - FFmpeg: [hevc @ 000001B0F4E9D340] Decoding VPS
00:00:01 - FFmpeg: [hevc @ 000001B0F4E9D340] Main 10 profile bitstream
00:00:01 - FFmpeg: [hevc @ 000001B0F4E9D340] Decoding SPS
00:00:01 - FFmpeg: [hevc @ 000001B0F4E9D340] Main 10 profile bitstream
00:00:01 - FFmpeg: [hevc @ 000001B0F4E9D340] Decoding VUI
00:00:01 - FFmpeg: [hevc @ 000001B0F4E9D340] Decoding PPS
00:00:01 - FFmpeg: [hevc @ 000001B0F4E9D340] Format d3d11 chosen by get_format().
00:00:01 - FFmpeg: [hevc @ 000001B0F4E9D340] Format d3d11 requires hwaccel initialisation.
00:00:01 - FFmpeg: [hevc @ 000001B0F4E9D340] Decoder GUIDs reported as supported:
00:00:01 - FFmpeg: [hevc @ 000001B0F4E9D340] {ee27417f-5e28-4e65-beea-1d26b508adc9} 103 106
00:00:01 - FFmpeg: [hevc @ 000001B0F4E9D340] {bf22ad00-03ea-4690-8077-473346209b7e} 103 106
00:00:01 - FFmpeg: [hevc @ 000001B0F4E9D340] {1b81bea4-a0c7-11d3-b984-00c04f2e73c5} 103 106
00:00:01 - FFmpeg: [hevc @ 000001B0F4E9D340] {e07ec519-e651-4cd6-ac84-1370cceec851} 103 106
00:00:01 - FFmpeg: [hevc @ 000001B0F4E9D340] {bcc5db6d-a2b6-4af0-ace4-adb1f787bc89} 103 106
00:00:01 - FFmpeg: [hevc @ 000001B0F4E9D340] {1b81be94-a0c7-11d3-b984-00c04f2e73c5} 103 106
00:00:01 - FFmpeg: [hevc @ 000001B0F4E9D340] {1b81bea2-a0c7-11d3-b984-00c04f2e73c5} 103 106
00:00:01 - FFmpeg: [hevc @ 000001B0F4E9D340] {1b81be68-a0c7-11d3-b984-00c04f2e73c5} 100 103 106
00:00:01 - FFmpeg: [hevc @ 000001B0F4E9D340] {d79be8da-0cf1-4c81-b82a-69a4e236f43d} 103 106
00:00:01 - FFmpeg: [hevc @ 000001B0F4E9D340] {f9aaccbb-c2b6-4cfc-8779-5707b1760552} 103 106
00:00:01 - FFmpeg: [hevc @ 000001B0F4E9D340] {705b9d82-76cf-49d6-b7e6-ac8872db013c} 103 106
00:00:01 - FFmpeg: [hevc @ 000001B0F4E9D340] {c528916c-c0af-4645-8cb2-372b6d4adc2a} 100 103 106
00:00:01 - FFmpeg: [hevc @ 000001B0F4E9D340] {91cd2d6e-897b-4fa1-b0d7-51dc88010e0a} 100 103 106 107
00:00:01 - FFmpeg: [hevc @ 000001B0F4E9D340] {90b899ea-3a62-4705-88b3-8df04b2744e7} 103 106
00:00:01 - FFmpeg: [hevc @ 000001B0F4E9D340] {442b942a-b4d9-4940-bc45-a882e5f919f3} 103 106
00:00:01 - FFmpeg: [hevc @ 000001B0F4E9D340] {97688186-56a8-4094-b543-fc9daaa49f4b} 103 106
00:00:01 - FFmpeg: [hevc @ 000001B0F4E9D340] {1424d4dc-7cf5-4bb1-9cd7-b63717a72a6b} 103 106
00:00:01 - FFmpeg: [hevc @ 000001B0F4E9D340] {c346e8a3-cbed-4d27-87cc-a70eb4dc8c27} 103 106
00:00:01 - FFmpeg: [hevc @ 000001B0F4E9D340] {ffc79924-5eaf-4666-a736-06190f281443} 103 106
00:00:01 - FFmpeg: [hevc @ 000001B0F4E9D340] {2364d06a-f67f-4186-aed0-62b99e1784f1} 103 106
00:00:01 - FFmpeg: [hevc @ 000001B0F4E9D340] {464bdb3c-91c4-4e9b-896f-225496ac4ed6} 103 106
00:00:01 - FFmpeg: [hevc @ 000001B0F4E9D340] {28566328-f041-4466-8b14-8f5831e78f8b} 103 106
00:00:01 - FFmpeg: [hevc @ 000001B0F4E9D340] {6b4a94db-54fe-4ae1-9be4-7a7dad004600} 103 104 106
00:00:01 - FFmpeg: [hevc @ 000001B0F4E9D340] {8c56eb1e-2b47-466f-8d33-7dbcd63f3df2} 103 106
00:00:01 - FFmpeg: [hevc @ 000001B0F4E9D340] {5b11d51b-2f4c-4452-bcc3-09f2a1160cc0} 103 106
00:00:01 - FFmpeg: [hevc @ 000001B0F4E9D340] {75fc75f7-c589-4a07-a25b-72e03b0383b3} 103 104 106
00:00:01 - FFmpeg: [hevc @ 000001B0F4E9D340] {107af0e0-ef1a-4d19-aba8-67a163073d13} 103 104 106
00:00:01 - FFmpeg: [hevc @ 000001B0F4E9D340] {07cfaffb-5a2e-4b99-b62a-e4ca53b6d5aa} 103 106
00:00:01 - FFmpeg: [hevc @ 000001B0F4E9D340] {463707f8-a1d0-4585-876d-83aa6d60b89e} 103 106
00:00:01 - FFmpeg: [hevc @ 000001B0F4E9D340] {a4c749ef-6ecf-48aa-8448-50a7a1165ff7} 103 104 105 106
00:00:01 - FFmpeg: [hevc @ 000001B0F4E9D340] {76988a52-df13-419a-8e64-ffcf4a336cf5} 103 106
00:00:01 - FFmpeg: [hevc @ 000001B0F4E9D340] {80a3a7bd-89d8-4497-a2b8-2126af7e6eb8} 103 104 105 106
00:00:01 - FFmpeg: [hevc @ 000001B0F4E9D340] {50925b7b-e931-4978-a12a-586630f095f9} 103 106
00:00:01 - FFmpeg: [hevc @ 000001B0F4E9D340] {b69c20e0-2508-8790-0305-875499e0a2d0} 103 106
00:00:01 - FFmpeg: [hevc @ 000001B0F4E9D340] {49761bec-4b63-4349-a5ff-87ffdf088466} 103 106
00:00:01 - FFmpeg: [hevc @ 000001B0F4E9D340] Output frame with POC 3.
00:00:01 - SDL Info (0): FFmpeg-based video decoder chosen
00:00:01 - Qt Info: Found "gamecontrollerdb.txt" at "C:/Users/xFlow-Laptop/xFlow-moonlight-qt/build/deploy-x64-release/gamecontrollerdb.txt"
00:00:01 - SDL Info (0): Loaded 490 new gamepad mappings
00:00:02 - Qt Debug: Current Moonlight version: "4.3.1"
00:00:02 - Qt Info: Downloaded updated gamepad mappings
00:00:02 - Qt Debug: Found update manifest match for current platform
00:00:02 - Qt Debug: Latest version of Moonlight for this platform is: "5.0.1"
00:00:02 - Qt Debug: Update available
00:00:02 - Qt Info: Latest supported GFE server: "99.99.99.99"
00:00:04 - Qt Warning: qrc:/gui/SettingsView.qml:617: ReferenceError: addRefreshRateOrdered is not defined
